<?xml version="1.0" encoding="UTF-8"?>
<!-- Generated by org.testng.reporters.JUnitReportReporter -->
<testsuite skipped="0" hostname="MSM-GEBS-X220T" name="testcases.Loginapplication" tests="1" failures="0" timestamp="20 Jun 2018 00:18:49 GMT" time="29.373" errors="0">
  <testcase name="Login" time="29.373" classname="testcases.Loginapplication"/>
</testsuite> <!-- testcases.Loginapplication -->
